<?xml version="1.0" encoding="UTF-8"?>
<!-- Generated by org.testng.reporters.JUnitReportReporter -->
<testsuite hostname="DESKTOP-34O05DG" failures="0" tests="4" name="maginto.addWomenTees" time="50.743" errors="0" timestamp="2023-12-31T12:43:07 EET" skipped="2">
  <testcase classname="maginto.addWomenTees" name="signUpProcess2" time="19.582"/>
  <system-out/>
  <testcase classname="maginto.addWomenTees" name="AddItems" time="31.161"/>
  <system-out/>
  <testcase classname="maginto.addWomenTees" name="signUpProcess">
    <skipped/>
  </testcase> <!-- signUpProcess -->
  <system-out/>
  <testcase classname="maginto.addWomenTees" name="logIn">
    <skipped/>
  </testcase> <!-- logIn -->
  <system-out/>
</testsuite> <!-- maginto.addWomenTees -->
